85 2013-12-31.00:00
87 2014-01-01.00:00
86 2014-01-02.00:00
88 2014-01-02.22:56
89 2014-01-03.13:50
90 2014-01-03.19:55
91 2014-01-03.22:53
92 2014-01-04.00:00
93 2014-01-06.11:56
94 2014-01-06.14:31
95 2014-01-07.17:58
96 2014-01-10.13:07
97 2014-01-10.18:06
98 2014-01-11.00:00
99 2014-01-12.00:00
100 2014-01-13.00:00
101 2014-01-14.00:00
102 2014-01-14.12:54
103 2014-01-15.23:33
104 2014-01-16.11:57
105 2014-01-16.16:05
106 2014-01-17.12:55
107 2014-01-18.22:23
108 2014-01-19.18:29
109 2014-01-20.13:20
110 2014-01-21.21:21
